d:\code\psi-from-soprf\x64\debug\boprflib.pdb
d:\code\psi-from-soprf\x64\debug\boprflib.idb
d:\code\psi-from-soprf\boprflib\x64\debug\ssotsender.obj
d:\code\psi-from-soprf\boprflib\x64\debug\ssotreceiver.obj
d:\code\psi-from-soprf\boprflib\x64\debug\tools.obj
d:\code\psi-from-soprf\boprflib\x64\debug\iknpotextsender4k.obj
d:\code\psi-from-soprf\boprflib\x64\debug\iknpotextreceiver4k.obj
d:\code\psi-from-soprf\boprflib\x64\debug\naor-pinkas.obj
d:\code\psi-from-soprf\boprflib\x64\debug\ecc-pk-crypto.obj
d:\code\psi-from-soprf\boprflib\x64\debug\crypto.obj
d:\code\psi-from-soprf\boprflib\x64\debug\pvwbaseot.obj
d:\code\psi-from-soprf\boprflib\x64\debug\baseot.obj
d:\code\psi-from-soprf\boprflib\x64\debug\basessot.obj
d:\code\psi-from-soprf\boprflib\x64\debug\sha1.obj
d:\code\psi-from-soprf\boprflib\x64\debug\prng.obj
d:\code\psi-from-soprf\boprflib\x64\debug\commit.obj
d:\code\psi-from-soprf\boprflib\x64\debug\linearcode.obj
d:\code\psi-from-soprf\boprflib\x64\debug\defines.obj
d:\code\psi-from-soprf\boprflib\x64\debug\bytestream.obj
d:\code\psi-from-soprf\boprflib\x64\debug\bitvector.obj
d:\code\psi-from-soprf\boprflib\x64\debug\bititerator.obj
d:\code\psi-from-soprf\boprflib\x64\debug\boppsisender.obj
d:\code\psi-from-soprf\boprflib\x64\debug\simplehasher.obj
d:\code\psi-from-soprf\boprflib\x64\debug\boppsireceiver.obj
d:\code\psi-from-soprf\boprflib\x64\debug\cuckoohasher.obj
d:\code\psi-from-soprf\boprflib\x64\debug\bigint.obj
d:\code\psi-from-soprf\boprflib\x64\debug\zp_data.obj
d:\code\psi-from-soprf\boprflib\x64\debug\channel.obj
d:\code\psi-from-soprf\boprflib\x64\debug\btioservice.obj
d:\code\psi-from-soprf\boprflib\x64\debug\btendpoint.obj
d:\code\psi-from-soprf\boprflib\x64\debug\btchannel.obj
d:\code\psi-from-soprf\boprflib\x64\debug\btacceptor.obj
d:\code\psi-from-soprf\boprflib\x64\debug\aes.obj
d:\code\psi-from-soprf\boprflib\x64\debug\timer.obj
d:\code\psi-from-soprf\boprflib\x64\debug\log.obj
d:\code\psi-from-soprf\boprflib\x64\debug\modp.obj
d:\code\psi-from-soprf\boprflib\x64\debug\dmc.obj
d:\code\psi-from-soprf\x64\debug\boprflib.lib
d:\code\psi-from-soprf\boprflib\x64\debug\boprflib.tlog\cl.command.1.tlog
d:\code\psi-from-soprf\boprflib\x64\debug\boprflib.tlog\cl.read.1.tlog
d:\code\psi-from-soprf\boprflib\x64\debug\boprflib.tlog\cl.write.1.tlog
d:\code\psi-from-soprf\boprflib\x64\debug\boprflib.tlog\lib-link.read.1.tlog
d:\code\psi-from-soprf\boprflib\x64\debug\boprflib.tlog\lib-link.write.1.tlog
d:\code\psi-from-soprf\boprflib\x64\debug\boprflib.tlog\lib.command.1.tlog
